{"C:\\Users\\HP\\OneDrive\\Desktop\\EYOUTH-30905060100079-EventPulse\\app.js": {"path":"C:\\Users\\HP\\OneDrive\\Desktop\\EYOUTH-30905060100079-EventPulse\\app.js","statementMap":{"0":{"start":{"line":1,"column":16},"end":{"line":1,"column":34}},"1":{"start":{"line":2,"column":13},"end":{"line":2,"column":28}},"2":{"start":{"line":3,"column":15},"end":{"line":3,"column":32}},"3":{"start":{"line":4,"column":22},"end":{"line":4,"column":55}},"4":{"start":{"line":6,"column":19},"end":{"line":6,"column":52}},"5":{"start":{"line":7,"column":23},"end":{"line":7,"column":60}},"6":{"start":{"line":8,"column":20},"end":{"line":8,"column":54}},"7":{"start":{"line":9,"column":27},"end":{"line":9,"column":68}},"8":{"start":{"line":10,"column":22},"end":{"line":10,"column":58}},"9":{"start":{"line":11,"column":25},"end":{"line":11,"column":69}},"10":{"start":{"line":12,"column":21},"end":{"line":12,"column":60}},"11":{"start":{"line":13,"column":17},"end":{"line":13,"column":47}},"12":{"start":{"line":14,"column":27},"end":{"line":14,"column":68}},"13":{"start":{"line":16,"column":12},"end":{"line":16,"column":21}},"14":{"start":{"line":18,"column":0},"end":{"line":18,"column":16}},"15":{"start":{"line":19,"column":0},"end":{"line":19,"column":23}},"16":{"start":{"line":20,"column":0},"end":{"line":20,"column":24}},"17":{"start":{"line":21,"column":0},"end":{"line":21,"column":25}},"18":{"start":{"line":23,"column":22},"end":{"line":23,"column":47}},"19":{"start":{"line":24,"column":14},"end":{"line":24,"column":19}},"20":{"start":{"line":25,"column":0},"end":{"line":30,"column":3}},"21":{"start":{"line":26,"column":2},"end":{"line":28,"column":3}},"22":{"start":{"line":27,"column":4},"end":{"line":27,"column":80}},"23":{"start":{"line":27,"column":10},"end":{"line":27,"column":28}},"24":{"start":{"line":27,"column":29},"end":{"line":27,"column":44}},"25":{"start":{"line":27,"column":61},"end":{"line":27,"column":78}},"26":{"start":{"line":29,"column":2},"end":{"line":29,"column":9}},"27":{"start":{"line":32,"column":0},"end":{"line":32,"column":47}},"28":{"start":{"line":34,"column":0},"end":{"line":34,"column":50}},"29":{"start":{"line":35,"column":0},"end":{"line":35,"column":33}},"30":{"start":{"line":36,"column":0},"end":{"line":36,"column":43}},"31":{"start":{"line":37,"column":0},"end":{"line":37,"column":36}},"32":{"start":{"line":38,"column":0},"end":{"line":38,"column":38}},"33":{"start":{"line":39,"column":0},"end":{"line":39,"column":50}},"34":{"start":{"line":41,"column":0},"end":{"line":43,"column":3}},"35":{"start":{"line":42,"column":2},"end":{"line":42,"column":65}},"36":{"start":{"line":45,"column":0},"end":{"line":45,"column":22}},"37":{"start":{"line":47,"column":0},"end":{"line":47,"column":21}}},"fnMap":{"0":{"name":"(anonymous_0)","decl":{"start":{"line":25,"column":8},"end":{"line":25,"column":9}},"loc":{"start":{"line":25,"column":34},"end":{"line":30,"column":1}},"line":25},"1":{"name":"(anonymous_1)","decl":{"start":{"line":41,"column":8},"end":{"line":41,"column":9}},"loc":{"start":{"line":41,"column":28},"end":{"line":43,"column":1}},"line":41}},"branchMap":{"0":{"loc":{"start":{"line":26,"column":2},"end":{"line":28,"column":3}},"type":"if","locations":[{"start":{"line":26,"column":2},"end":{"line":28,"column":3}},{"start":{},"end":{}}],"line":26}},"s":{"0":1,"1":1,"2":1,"3":1,"4":1,"5":1,"6":1,"7":1,"8":1,"9":1,"10":1,"11":1,"12":1,"13":1,"14":1,"15":1,"16":1,"17":1,"18":1,"19":1,"20":1,"21":0,"22":0,"23":0,"24":0,"25":0,"26":0,"27":1,"28":1,"29":1,"30":1,"31":1,"32":1,"33":1,"34":1,"35":0,"36":1,"37":1},"f":{"0":0,"1":0},"b":{"0":[0,0]},"_coverageSchema":"1a1c01bbd47fc00a2c39e90264f33305004495a9","hash":"b31cbcd89f15646b19e78ac2df01f5a698f2aa2d"}
,"C:\\Users\\HP\\OneDrive\\Desktop\\EYOUTH-30905060100079-EventPulse\\config\\db.js": {"path":"C:\\Users\\HP\\OneDrive\\Desktop\\EYOUTH-30905060100079-EventPulse\\config\\db.js","statementMap":{"0":{"start":{"line":1,"column":0},"end":{"line":1,"column":26}},"1":{"start":{"line":2,"column":17},"end":{"line":2,"column":36}},"2":{"start":{"line":4,"column":18},"end":{"line":4,"column":39}},"3":{"start":{"line":6,"column":18},"end":{"line":6,"column":23}},"4":{"start":{"line":8,"column":18},"end":{"line":34,"column":1}},"5":{"start":{"line":9,"column":2},"end":{"line":12,"column":3}},"6":{"start":{"line":10,"column":4},"end":{"line":10,"column":66}},"7":{"start":{"line":11,"column":4},"end":{"line":11,"column":44}},"8":{"start":{"line":14,"column":2},"end":{"line":23,"column":3}},"9":{"start":{"line":15,"column":4},"end":{"line":15,"column":37}},"10":{"start":{"line":16,"column":4},"end":{"line":16,"column":37}},"11":{"start":{"line":17,"column":4},"end":{"line":17,"column":22}},"12":{"start":{"line":18,"column":4},"end":{"line":18,"column":55}},"13":{"start":{"line":20,"column":4},"end":{"line":20,"column":23}},"14":{"start":{"line":21,"column":4},"end":{"line":21,"column":65}},"15":{"start":{"line":22,"column":4},"end":{"line":22,"column":13}},"16":{"start":{"line":25,"column":2},"end":{"line":28,"column":4}},"17":{"start":{"line":26,"column":4},"end":{"line":26,"column":23}},"18":{"start":{"line":27,"column":4},"end":{"line":27,"column":46}},"19":{"start":{"line":30,"column":2},"end":{"line":33,"column":4}},"20":{"start":{"line":31,"column":4},"end":{"line":31,"column":22}},"21":{"start":{"line":32,"column":4},"end":{"line":32,"column":44}},"22":{"start":{"line":36,"column":19},"end":{"line":47,"column":1}},"23":{"start":{"line":37,"column":17},"end":{"line":42,"column":3}},"24":{"start":{"line":43,"column":2},"end":{"line":46,"column":4}},"25":{"start":{"line":49,"column":0},"end":{"line":49,"column":42}}},"fnMap":{"0":{"name":"(anonymous_0)","decl":{"start":{"line":8,"column":18},"end":{"line":8,"column":19}},"loc":{"start":{"line":8,"column":30},"end":{"line":34,"column":1}},"line":8},"1":{"name":"(anonymous_1)","decl":{"start":{"line":25,"column":41},"end":{"line":25,"column":42}},"loc":{"start":{"line":25,"column":47},"end":{"line":28,"column":3}},"line":25},"2":{"name":"(anonymous_2)","decl":{"start":{"line":30,"column":40},"end":{"line":30,"column":41}},"loc":{"start":{"line":30,"column":46},"end":{"line":33,"column":3}},"line":30},"3":{"name":"(anonymous_3)","decl":{"start":{"line":36,"column":19},"end":{"line":36,"column":20}},"loc":{"start":{"line":36,"column":25},"end":{"line":47,"column":1}},"line":36}},"branchMap":{"0":{"loc":{"start":{"line":9,"column":2},"end":{"line":12,"column":3}},"type":"if","locations":[{"start":{"line":9,"column":2},"end":{"line":12,"column":3}},{"start":{},"end":{}}],"line":9},"1":{"loc":{"start":{"line":45,"column":11},"end":{"line":45,"column":62}},"type":"binary-expr","locations":[{"start":{"line":45,"column":11},"end":{"line":45,"column":49}},{"start":{"line":45,"column":53},"end":{"line":45,"column":62}}],"line":45}},"s":{"0":1,"1":1,"2":1,"3":1,"4":1,"5":0,"6":0,"7":0,"8":0,"9":0,"10":0,"11":0,"12":0,"13":0,"14":0,"15":0,"16":0,"17":0,"18":0,"19":0,"20":0,"21":0,"22":1,"23":0,"24":0,"25":1},"f":{"0":0,"1":0,"2":0,"3":0},"b":{"0":[0,0],"1":[0,0]},"_coverageSchema":"1a1c01bbd47fc00a2c39e90264f33305004495a9","hash":"4bb6094ef00ff0afb3096bf4418d04a0aaaea302"}
,"C:\\Users\\HP\\OneDrive\\Desktop\\EYOUTH-30905060100079-EventPulse\\controllers\\announcementController.js": {"path":"C:\\Users\\HP\\OneDrive\\Desktop\\EYOUTH-30905060100079-EventPulse\\controllers\\announcementController.js","statementMap":{"0":{"start":{"line":1,"column":16},"end":{"line":1,"column":52}},"1":{"start":{"line":2,"column":17},"end":{"line":2,"column":48}},"2":{"start":{"line":3,"column":21},"end":{"line":3,"column":56}},"3":{"start":{"line":5,"column":0},"end":{"line":14,"column":3}},"4":{"start":{"line":6,"column":28},"end":{"line":6,"column":36}},"5":{"start":{"line":7,"column":18},"end":{"line":7,"column":85}},"6":{"start":{"line":8,"column":20},"end":{"line":8,"column":65}},"7":{"start":{"line":10,"column":13},"end":{"line":10,"column":30}},"8":{"start":{"line":11,"column":2},"end":{"line":11,"column":49}},"9":{"start":{"line":13,"column":2},"end":{"line":13,"column":63}},"10":{"start":{"line":16,"column":0},"end":{"line":21,"column":3}},"11":{"start":{"line":17,"column":19},"end":{"line":19,"column":22}},"12":{"start":{"line":20,"column":2},"end":{"line":20,"column":62}}},"fnMap":{"0":{"name":"(anonymous_0)","decl":{"start":{"line":5,"column":40},"end":{"line":5,"column":41}},"loc":{"start":{"line":5,"column":66},"end":{"line":14,"column":1}},"line":5},"1":{"name":"(anonymous_1)","decl":{"start":{"line":16,"column":40},"end":{"line":16,"column":41}},"loc":{"start":{"line":16,"column":60},"end":{"line":21,"column":1}},"line":16}},"branchMap":{},"s":{"0":1,"1":1,"2":1,"3":1,"4":0,"5":0,"6":0,"7":0,"8":0,"9":0,"10":1,"11":0,"12":0},"f":{"0":0,"1":0},"b":{},"_coverageSchema":"1a1c01bbd47fc00a2c39e90264f33305004495a9","hash":"9c8a9283aa67f73cdc7bbcb25f505a564c0e2e74"}
,"C:\\Users\\HP\\OneDrive\\Desktop\\EYOUTH-30905060100079-EventPulse\\controllers\\categoryController.js": {"path":"C:\\Users\\HP\\OneDrive\\Desktop\\EYOUTH-30905060100079-EventPulse\\controllers\\categoryController.js","statementMap":{"0":{"start":{"line":1,"column":17},"end":{"line":1,"column":54}},"1":{"start":{"line":2,"column":17},"end":{"line":2,"column":48}},"2":{"start":{"line":3,"column":21},"end":{"line":3,"column":56}},"3":{"start":{"line":5,"column":0},"end":{"line":8,"column":3}},"4":{"start":{"line":6,"column":19},"end":{"line":6,"column":50}},"5":{"start":{"line":7,"column":2},"end":{"line":7,"column":62}},"6":{"start":{"line":10,"column":0},"end":{"line":13,"column":3}},"7":{"start":{"line":11,"column":21},"end":{"line":11,"column":55}},"8":{"start":{"line":12,"column":2},"end":{"line":12,"column":92}},"9":{"start":{"line":15,"column":0},"end":{"line":19,"column":3}},"10":{"start":{"line":16,"column":19},"end":{"line":16,"column":57}},"11":{"start":{"line":17,"column":2},"end":{"line":17,"column":70}},"12":{"start":{"line":17,"column":17},"end":{"line":17,"column":70}},"13":{"start":{"line":18,"column":2},"end":{"line":18,"column":62}}},"fnMap":{"0":{"name":"(anonymous_0)","decl":{"start":{"line":5,"column":38},"end":{"line":5,"column":39}},"loc":{"start":{"line":5,"column":58},"end":{"line":8,"column":1}},"line":5},"1":{"name":"(anonymous_1)","decl":{"start":{"line":10,"column":38},"end":{"line":10,"column":39}},"loc":{"start":{"line":10,"column":58},"end":{"line":13,"column":1}},"line":10},"2":{"name":"(anonymous_2)","decl":{"start":{"line":15,"column":35},"end":{"line":15,"column":36}},"loc":{"start":{"line":15,"column":61},"end":{"line":19,"column":1}},"line":15}},"branchMap":{"0":{"loc":{"start":{"line":17,"column":2},"end":{"line":17,"column":70}},"type":"if","locations":[{"start":{"line":17,"column":2},"end":{"line":17,"column":70}},{"start":{},"end":{}}],"line":17}},"s":{"0":1,"1":1,"2":1,"3":1,"4":0,"5":0,"6":1,"7":0,"8":0,"9":1,"10":0,"11":0,"12":0,"13":0},"f":{"0":0,"1":0,"2":0},"b":{"0":[0,0]},"_coverageSchema":"1a1c01bbd47fc00a2c39e90264f33305004495a9","hash":"7359e579ed09d7eee82a9034d9ab14a4423515a0"}
,"C:\\Users\\HP\\OneDrive\\Desktop\\EYOUTH-30905060100079-EventPulse\\controllers\\eventController.js": {"path":"C:\\Users\\HP\\OneDrive\\Desktop\\EYOUTH-30905060100079-EventPulse\\controllers\\eventController.js","statementMap":{"0":{"start":{"line":1,"column":14},"end":{"line":1,"column":48}},"1":{"start":{"line":2,"column":17},"end":{"line":2,"column":48}},"2":{"start":{"line":3,"column":21},"end":{"line":3,"column":56}},"3":{"start":{"line":5,"column":0},"end":{"line":9,"column":3}},"4":{"start":{"line":6,"column":16},"end":{"line":6,"column":75}},"5":{"start":{"line":7,"column":20},"end":{"line":7,"column":72}},"6":{"start":{"line":8,"column":2},"end":{"line":8,"column":63}},"7":{"start":{"line":11,"column":0},"end":{"line":55,"column":3}},"8":{"start":{"line":12,"column":72},"end":{"line":12,"column":81}},"9":{"start":{"line":14,"column":17},"end":{"line":14,"column":19}},"10":{"start":{"line":15,"column":2},"end":{"line":15,"column":43}},"11":{"start":{"line":15,"column":16},"end":{"line":15,"column":43}},"12":{"start":{"line":16,"column":2},"end":{"line":16,"column":55}},"13":{"start":{"line":16,"column":12},"end":{"line":16,"column":55}},"14":{"start":{"line":18,"column":2},"end":{"line":22,"column":3}},"15":{"start":{"line":19,"column":4},"end":{"line":19,"column":21}},"16":{"start":{"line":20,"column":4},"end":{"line":20,"column":58}},"17":{"start":{"line":20,"column":19},"end":{"line":20,"column":58}},"18":{"start":{"line":21,"column":4},"end":{"line":21,"column":54}},"19":{"start":{"line":21,"column":17},"end":{"line":21,"column":54}},"20":{"start":{"line":24,"column":2},"end":{"line":29,"column":3}},"21":{"start":{"line":25,"column":4},"end":{"line":28,"column":6}},"22":{"start":{"line":31,"column":15},"end":{"line":31,"column":61}},"23":{"start":{"line":32,"column":16},"end":{"line":32,"column":64}},"24":{"start":{"line":33,"column":15},"end":{"line":33,"column":33}},"25":{"start":{"line":35,"column":28},"end":{"line":35,"column":53}},"26":{"start":{"line":36,"column":20},"end":{"line":36,"column":72}},"27":{"start":{"line":37,"column":24},"end":{"line":37,"column":49}},"28":{"start":{"line":38,"column":18},"end":{"line":38,"column":71}},"29":{"start":{"line":39,"column":21},"end":{"line":39,"column":60}},"30":{"start":{"line":41,"column":26},"end":{"line":45,"column":4}},"31":{"start":{"line":47,"column":2},"end":{"line":54,"column":5}},"32":{"start":{"line":57,"column":0},"end":{"line":61,"column":3}},"33":{"start":{"line":58,"column":16},"end":{"line":58,"column":92}},"34":{"start":{"line":59,"column":2},"end":{"line":59,"column":64}},"35":{"start":{"line":59,"column":14},"end":{"line":59,"column":64}},"36":{"start":{"line":60,"column":2},"end":{"line":60,"column":59}},"37":{"start":{"line":63,"column":0},"end":{"line":71,"column":3}},"38":{"start":{"line":64,"column":16},"end":{"line":67,"column":45}},"39":{"start":{"line":69,"column":2},"end":{"line":69,"column":64}},"40":{"start":{"line":69,"column":14},"end":{"line":69,"column":64}},"41":{"start":{"line":70,"column":2},"end":{"line":70,"column":59}},"42":{"start":{"line":73,"column":0},"end":{"line":77,"column":3}},"43":{"start":{"line":74,"column":16},"end":{"line":74,"column":60}},"44":{"start":{"line":75,"column":2},"end":{"line":75,"column":64}},"45":{"start":{"line":75,"column":14},"end":{"line":75,"column":64}},"46":{"start":{"line":76,"column":2},"end":{"line":76,"column":58}}},"fnMap":{"0":{"name":"(anonymous_0)","decl":{"start":{"line":5,"column":35},"end":{"line":5,"column":36}},"loc":{"start":{"line":5,"column":55},"end":{"line":9,"column":1}},"line":5},"1":{"name":"(anonymous_1)","decl":{"start":{"line":11,"column":34},"end":{"line":11,"column":35}},"loc":{"start":{"line":11,"column":54},"end":{"line":55,"column":1}},"line":11},"2":{"name":"(anonymous_2)","decl":{"start":{"line":57,"column":32},"end":{"line":57,"column":33}},"loc":{"start":{"line":57,"column":58},"end":{"line":61,"column":1}},"line":57},"3":{"name":"(anonymous_3)","decl":{"start":{"line":63,"column":35},"end":{"line":63,"column":36}},"loc":{"start":{"line":63,"column":61},"end":{"line":71,"column":1}},"line":63},"4":{"name":"(anonymous_4)","decl":{"start":{"line":73,"column":35},"end":{"line":73,"column":36}},"loc":{"start":{"line":73,"column":61},"end":{"line":77,"column":1}},"line":73}},"branchMap":{"0":{"loc":{"start":{"line":15,"column":2},"end":{"line":15,"column":43}},"type":"if","locations":[{"start":{"line":15,"column":2},"end":{"line":15,"column":43}},{"start":{},"end":{}}],"line":15},"1":{"loc":{"start":{"line":16,"column":2},"end":{"line":16,"column":55}},"type":"if","locations":[{"start":{"line":16,"column":2},"end":{"line":16,"column":55}},{"start":{},"end":{}}],"line":16},"2":{"loc":{"start":{"line":18,"column":2},"end":{"line":22,"column":3}},"type":"if","locations":[{"start":{"line":18,"column":2},"end":{"line":22,"column":3}},{"start":{},"end":{}}],"line":18},"3":{"loc":{"start":{"line":18,"column":6},"end":{"line":18,"column":26}},"type":"binary-expr","locations":[{"start":{"line":18,"column":6},"end":{"line":18,"column":15}},{"start":{"line":18,"column":19},"end":{"line":18,"column":26}}],"line":18},"4":{"loc":{"start":{"line":20,"column":4},"end":{"line":20,"column":58}},"type":"if","locations":[{"start":{"line":20,"column":4},"end":{"line":20,"column":58}},{"start":{},"end":{}}],"line":20},"5":{"loc":{"start":{"line":21,"column":4},"end":{"line":21,"column":54}},"type":"if","locations":[{"start":{"line":21,"column":4},"end":{"line":21,"column":54}},{"start":{},"end":{}}],"line":21},"6":{"loc":{"start":{"line":24,"column":2},"end":{"line":29,"column":3}},"type":"if","locations":[{"start":{"line":24,"column":2},"end":{"line":29,"column":3}},{"start":{},"end":{}}],"line":24},"7":{"loc":{"start":{"line":31,"column":24},"end":{"line":31,"column":57}},"type":"binary-expr","locations":[{"start":{"line":31,"column":24},"end":{"line":31,"column":52}},{"start":{"line":31,"column":56},"end":{"line":31,"column":57}}],"line":31},"8":{"loc":{"start":{"line":32,"column":25},"end":{"line":32,"column":60}},"type":"binary-expr","locations":[{"start":{"line":32,"column":25},"end":{"line":32,"column":54}},{"start":{"line":32,"column":58},"end":{"line":32,"column":60}}],"line":32},"9":{"loc":{"start":{"line":36,"column":20},"end":{"line":36,"column":72}},"type":"cond-expr","locations":[{"start":{"line":36,"column":57},"end":{"line":36,"column":63}},{"start":{"line":36,"column":66},"end":{"line":36,"column":72}}],"line":36},"10":{"loc":{"start":{"line":37,"column":24},"end":{"line":37,"column":49}},"type":"cond-expr","locations":[{"start":{"line":37,"column":43},"end":{"line":37,"column":45}},{"start":{"line":37,"column":48},"end":{"line":37,"column":49}}],"line":37},"11":{"loc":{"start":{"line":52,"column":16},"end":{"line":52,"column":45}},"type":"binary-expr","locations":[{"start":{"line":52,"column":16},"end":{"line":52,"column":40}},{"start":{"line":52,"column":44},"end":{"line":52,"column":45}}],"line":52},"12":{"loc":{"start":{"line":59,"column":2},"end":{"line":59,"column":64}},"type":"if","locations":[{"start":{"line":59,"column":2},"end":{"line":59,"column":64}},{"start":{},"end":{}}],"line":59},"13":{"loc":{"start":{"line":69,"column":2},"end":{"line":69,"column":64}},"type":"if","locations":[{"start":{"line":69,"column":2},"end":{"line":69,"column":64}},{"start":{},"end":{}}],"line":69},"14":{"loc":{"start":{"line":75,"column":2},"end":{"line":75,"column":64}},"type":"if","locations":[{"start":{"line":75,"column":2},"end":{"line":75,"column":64}},{"start":{},"end":{}}],"line":75}},"s":{"0":1,"1":1,"2":1,"3":1,"4":0,"5":0,"6":0,"7":1,"8":0,"9":0,"10":0,"11":0,"12":0,"13":0,"14":0,"15":0,"16":0,"17":0,"18":0,"19":0,"20":0,"21":0,"22":0,"23":0,"24":0,"25":0,"26":0,"27":0,"28":0,"29":0,"30":0,"31":0,"32":1,"33":0,"34":0,"35":0,"36":0,"37":1,"38":0,"39":0,"40":0,"41":0,"42":1,"43":0,"44":0,"45":0,"46":0},"f":{"0":0,"1":0,"2":0,"3":0,"4":0},"b":{"0":[0,0],"1":[0,0],"2":[0,0],"3":[0,0],"4":[0,0],"5":[0,0],"6":[0,0],"7":[0,0],"8":[0,0],"9":[0,0],"10":[0,0],"11":[0,0],"12":[0,0],"13":[0,0],"14":[0,0]},"_coverageSchema":"1a1c01bbd47fc00a2c39e90264f33305004495a9","hash":"83792464431921828a7a54b559fc925837eff194"}
,"C:\\Users\\HP\\OneDrive\\Desktop\\EYOUTH-30905060100079-EventPulse\\controllers\\healthController.js": {"path":"C:\\Users\\HP\\OneDrive\\Desktop\\EYOUTH-30905060100079-EventPulse\\controllers\\healthController.js","statementMap":{"0":{"start":{"line":1,"column":23},"end":{"line":1,"column":49}},"1":{"start":{"line":3,"column":0},"end":{"line":11,"column":2}},"2":{"start":{"line":4,"column":13},"end":{"line":4,"column":25}},"3":{"start":{"line":5,"column":2},"end":{"line":10,"column":5}}},"fnMap":{"0":{"name":"(anonymous_0)","decl":{"start":{"line":3,"column":20},"end":{"line":3,"column":21}},"loc":{"start":{"line":3,"column":34},"end":{"line":11,"column":1}},"line":3}},"branchMap":{},"s":{"0":1,"1":1,"2":0,"3":0},"f":{"0":0},"b":{},"_coverageSchema":"1a1c01bbd47fc00a2c39e90264f33305004495a9","hash":"56e3a2165dcd4f7c50456b63c7602d05ea57835e"}
,"C:\\Users\\HP\\OneDrive\\Desktop\\EYOUTH-30905060100079-EventPulse\\controllers\\messageController.js": {"path":"C:\\Users\\HP\\OneDrive\\Desktop\\EYOUTH-30905060100079-EventPulse\\controllers\\messageController.js","statementMap":{"0":{"start":{"line":1,"column":16},"end":{"line":1,"column":52}},"1":{"start":{"line":2,"column":21},"end":{"line":2,"column":56}},"2":{"start":{"line":4,"column":0},"end":{"line":14,"column":3}},"3":{"start":{"line":5,"column":19},"end":{"line":7,"column":22}},"4":{"start":{"line":9,"column":2},"end":{"line":13,"column":5}}},"fnMap":{"0":{"name":"(anonymous_0)","decl":{"start":{"line":4,"column":40},"end":{"line":4,"column":41}},"loc":{"start":{"line":4,"column":60},"end":{"line":14,"column":1}},"line":4}},"branchMap":{},"s":{"0":1,"1":1,"2":1,"3":0,"4":0},"f":{"0":0},"b":{},"_coverageSchema":"1a1c01bbd47fc00a2c39e90264f33305004495a9","hash":"3e8ca27a5be71828cec9b6736995086f66514f40"}
,"C:\\Users\\HP\\OneDrive\\Desktop\\EYOUTH-30905060100079-EventPulse\\controllers\\registrationController.js": {"path":"C:\\Users\\HP\\OneDrive\\Desktop\\EYOUTH-30905060100079-EventPulse\\controllers\\registrationController.js","statementMap":{"0":{"start":{"line":1,"column":14},"end":{"line":1,"column":48}},"1":{"start":{"line":2,"column":21},"end":{"line":2,"column":62}},"2":{"start":{"line":3,"column":17},"end":{"line":3,"column":48}},"3":{"start":{"line":4,"column":21},"end":{"line":4,"column":56}},"4":{"start":{"line":6,"column":0},"end":{"line":42,"column":3}},"5":{"start":{"line":7,"column":22},"end":{"line":7,"column":30}},"6":{"start":{"line":8,"column":17},"end":{"line":8,"column":28}},"7":{"start":{"line":10,"column":2},"end":{"line":12,"column":3}},"8":{"start":{"line":11,"column":4},"end":{"line":11,"column":58}},"9":{"start":{"line":14,"column":22},"end":{"line":14,"column":58}},"10":{"start":{"line":15,"column":2},"end":{"line":17,"column":3}},"11":{"start":{"line":16,"column":4},"end":{"line":16,"column":54}},"12":{"start":{"line":19,"column":23},"end":{"line":23,"column":3}},"13":{"start":{"line":25,"column":2},"end":{"line":27,"column":3}},"14":{"start":{"line":26,"column":4},"end":{"line":26,"column":52}},"15":{"start":{"line":29,"column":2},"end":{"line":41,"column":5}},"16":{"start":{"line":30,"column":25},"end":{"line":30,"column":84}},"17":{"start":{"line":31,"column":22},"end":{"line":31,"column":85}},"18":{"start":{"line":33,"column":4},"end":{"line":33,"column":72}},"19":{"start":{"line":35,"column":8},"end":{"line":35,"column":85}},"20":{"start":{"line":37,"column":8},"end":{"line":39,"column":9}},"21":{"start":{"line":38,"column":12},"end":{"line":38,"column":88}},"22":{"start":{"line":40,"column":8},"end":{"line":40,"column":18}},"23":{"start":{"line":44,"column":0},"end":{"line":58,"column":3}},"24":{"start":{"line":45,"column":24},"end":{"line":51,"column":23}},"25":{"start":{"line":53,"column":2},"end":{"line":57,"column":5}},"26":{"start":{"line":60,"column":0},"end":{"line":82,"column":3}},"27":{"start":{"line":61,"column":23},"end":{"line":61,"column":65}},"28":{"start":{"line":63,"column":2},"end":{"line":65,"column":3}},"29":{"start":{"line":64,"column":4},"end":{"line":64,"column":61}},"30":{"start":{"line":67,"column":2},"end":{"line":69,"column":3}},"31":{"start":{"line":68,"column":4},"end":{"line":68,"column":80}},"32":{"start":{"line":71,"column":2},"end":{"line":71,"column":33}},"33":{"start":{"line":73,"column":2},"end":{"line":75,"column":5}},"34":{"start":{"line":76,"column":2},"end":{"line":79,"column":4}},"35":{"start":{"line":81,"column":2},"end":{"line":81,"column":81}}},"fnMap":{"0":{"name":"(anonymous_0)","decl":{"start":{"line":6,"column":40},"end":{"line":6,"column":41}},"loc":{"start":{"line":6,"column":66},"end":{"line":42,"column":1}},"line":6},"1":{"name":"(anonymous_1)","decl":{"start":{"line":44,"column":42},"end":{"line":44,"column":43}},"loc":{"start":{"line":44,"column":62},"end":{"line":58,"column":1}},"line":44},"2":{"name":"(anonymous_2)","decl":{"start":{"line":60,"column":42},"end":{"line":60,"column":43}},"loc":{"start":{"line":60,"column":68},"end":{"line":82,"column":1}},"line":60}},"branchMap":{"0":{"loc":{"start":{"line":10,"column":2},"end":{"line":12,"column":3}},"type":"if","locations":[{"start":{"line":10,"column":2},"end":{"line":12,"column":3}},{"start":{},"end":{}}],"line":10},"1":{"loc":{"start":{"line":15,"column":2},"end":{"line":17,"column":3}},"type":"if","locations":[{"start":{"line":15,"column":2},"end":{"line":17,"column":3}},{"start":{},"end":{}}],"line":15},"2":{"loc":{"start":{"line":25,"column":2},"end":{"line":27,"column":3}},"type":"if","locations":[{"start":{"line":25,"column":2},"end":{"line":27,"column":3}},{"start":{},"end":{}}],"line":25},"3":{"loc":{"start":{"line":37,"column":8},"end":{"line":39,"column":9}},"type":"if","locations":[{"start":{"line":37,"column":8},"end":{"line":39,"column":9}},{"start":{},"end":{}}],"line":37},"4":{"loc":{"start":{"line":63,"column":2},"end":{"line":65,"column":3}},"type":"if","locations":[{"start":{"line":63,"column":2},"end":{"line":65,"column":3}},{"start":{},"end":{}}],"line":63},"5":{"loc":{"start":{"line":67,"column":2},"end":{"line":69,"column":3}},"type":"if","locations":[{"start":{"line":67,"column":2},"end":{"line":69,"column":3}},{"start":{},"end":{}}],"line":67}},"s":{"0":1,"1":1,"2":1,"3":1,"4":1,"5":0,"6":0,"7":0,"8":0,"9":0,"10":0,"11":0,"12":0,"13":0,"14":0,"15":0,"16":0,"17":0,"18":0,"19":0,"20":0,"21":0,"22":0,"23":1,"24":0,"25":0,"26":1,"27":0,"28":0,"29":0,"30":0,"31":0,"32":0,"33":0,"34":0,"35":0},"f":{"0":0,"1":0,"2":0},"b":{"0":[0,0],"1":[0,0],"2":[0,0],"3":[0,0],"4":[0,0],"5":[0,0]},"_coverageSchema":"1a1c01bbd47fc00a2c39e90264f33305004495a9","hash":"f501d26660221ba4bc2430bc9814aca3d8ce1e51"}
,"C:\\Users\\HP\\OneDrive\\Desktop\\EYOUTH-30905060100079-EventPulse\\controllers\\userController.js": {"path":"C:\\Users\\HP\\OneDrive\\Desktop\\EYOUTH-30905060100079-EventPulse\\controllers\\userController.js","statementMap":{"0":{"start":{"line":1,"column":12},"end":{"line":1,"column":35}},"1":{"start":{"line":2,"column":13},"end":{"line":2,"column":46}},"2":{"start":{"line":3,"column":17},"end":{"line":3,"column":48}},"3":{"start":{"line":4,"column":21},"end":{"line":4,"column":56}},"4":{"start":{"line":6,"column":18},"end":{"line":7,"column":69}},"5":{"start":{"line":7,"column":2},"end":{"line":7,"column":69}},"6":{"start":{"line":9,"column":0},"end":{"line":31,"column":3}},"7":{"start":{"line":10,"column":36},"end":{"line":10,"column":44}},"8":{"start":{"line":12,"column":19},"end":{"line":12,"column":69}},"9":{"start":{"line":13,"column":2},"end":{"line":15,"column":3}},"10":{"start":{"line":14,"column":4},"end":{"line":14,"column":80}},"11":{"start":{"line":17,"column":15},"end":{"line":17,"column":77}},"12":{"start":{"line":19,"column":16},"end":{"line":19,"column":31}},"13":{"start":{"line":21,"column":2},"end":{"line":30,"column":5}},"14":{"start":{"line":33,"column":0},"end":{"line":60,"column":3}},"15":{"start":{"line":34,"column":30},"end":{"line":34,"column":38}},"16":{"start":{"line":36,"column":15},"end":{"line":38,"column":3}},"17":{"start":{"line":39,"column":2},"end":{"line":41,"column":3}},"18":{"start":{"line":40,"column":4},"end":{"line":40,"column":64}},"19":{"start":{"line":43,"column":18},"end":{"line":43,"column":54}},"20":{"start":{"line":44,"column":2},"end":{"line":46,"column":3}},"21":{"start":{"line":45,"column":4},"end":{"line":45,"column":64}},"22":{"start":{"line":48,"column":16},"end":{"line":48,"column":31}},"23":{"start":{"line":50,"column":2},"end":{"line":59,"column":5}}},"fnMap":{"0":{"name":"(anonymous_0)","decl":{"start":{"line":6,"column":18},"end":{"line":6,"column":19}},"loc":{"start":{"line":7,"column":2},"end":{"line":7,"column":69}},"line":7},"1":{"name":"(anonymous_1)","decl":{"start":{"line":9,"column":32},"end":{"line":9,"column":33}},"loc":{"start":{"line":9,"column":58},"end":{"line":31,"column":1}},"line":9},"2":{"name":"(anonymous_2)","decl":{"start":{"line":33,"column":29},"end":{"line":33,"column":30}},"loc":{"start":{"line":33,"column":55},"end":{"line":60,"column":1}},"line":33}},"branchMap":{"0":{"loc":{"start":{"line":13,"column":2},"end":{"line":15,"column":3}},"type":"if","locations":[{"start":{"line":13,"column":2},"end":{"line":15,"column":3}},{"start":{},"end":{}}],"line":13},"1":{"loc":{"start":{"line":39,"column":2},"end":{"line":41,"column":3}},"type":"if","locations":[{"start":{"line":39,"column":2},"end":{"line":41,"column":3}},{"start":{},"end":{}}],"line":39},"2":{"loc":{"start":{"line":44,"column":2},"end":{"line":46,"column":3}},"type":"if","locations":[{"start":{"line":44,"column":2},"end":{"line":46,"column":3}},{"start":{},"end":{}}],"line":44}},"s":{"0":1,"1":1,"2":1,"3":1,"4":1,"5":0,"6":1,"7":0,"8":0,"9":0,"10":0,"11":0,"12":0,"13":0,"14":1,"15":0,"16":0,"17":0,"18":0,"19":0,"20":0,"21":0,"22":0,"23":0},"f":{"0":0,"1":0,"2":0},"b":{"0":[0,0],"1":[0,0],"2":[0,0]},"_coverageSchema":"1a1c01bbd47fc00a2c39e90264f33305004495a9","hash":"2716fdc49104d41edbf10fd86797c7fc18a6c32a"}
,"C:\\Users\\HP\\OneDrive\\Desktop\\EYOUTH-30905060100079-EventPulse\\middleware\\errorHandler.js": {"path":"C:\\Users\\HP\\OneDrive\\Desktop\\EYOUTH-30905060100079-EventPulse\\middleware\\errorHandler.js","statementMap":{"0":{"start":{"line":1,"column":21},"end":{"line":31,"column":1}},"1":{"start":{"line":2,"column":19},"end":{"line":2,"column":40}},"2":{"start":{"line":3,"column":16},"end":{"line":3,"column":86}},"3":{"start":{"line":5,"column":2},"end":{"line":8,"column":3}},"4":{"start":{"line":6,"column":4},"end":{"line":6,"column":21}},"5":{"start":{"line":7,"column":4},"end":{"line":7,"column":54}},"6":{"start":{"line":10,"column":2},"end":{"line":14,"column":3}},"7":{"start":{"line":11,"column":4},"end":{"line":11,"column":21}},"8":{"start":{"line":12,"column":18},"end":{"line":12,"column":60}},"9":{"start":{"line":13,"column":4},"end":{"line":13,"column":52}},"10":{"start":{"line":16,"column":2},"end":{"line":21,"column":3}},"11":{"start":{"line":17,"column":4},"end":{"line":17,"column":21}},"12":{"start":{"line":18,"column":4},"end":{"line":20,"column":18}},"13":{"start":{"line":19,"column":18},"end":{"line":19,"column":27}},"14":{"start":{"line":23,"column":2},"end":{"line":25,"column":3}},"15":{"start":{"line":24,"column":4},"end":{"line":24,"column":93}},"16":{"start":{"line":27,"column":2},"end":{"line":30,"column":5}},"17":{"start":{"line":33,"column":0},"end":{"line":33,"column":30}}},"fnMap":{"0":{"name":"(anonymous_0)","decl":{"start":{"line":1,"column":21},"end":{"line":1,"column":22}},"loc":{"start":{"line":1,"column":46},"end":{"line":31,"column":1}},"line":1},"1":{"name":"(anonymous_1)","decl":{"start":{"line":19,"column":11},"end":{"line":19,"column":12}},"loc":{"start":{"line":19,"column":18},"end":{"line":19,"column":27}},"line":19}},"branchMap":{"0":{"loc":{"start":{"line":2,"column":19},"end":{"line":2,"column":40}},"type":"binary-expr","locations":[{"start":{"line":2,"column":19},"end":{"line":2,"column":33}},{"start":{"line":2,"column":37},"end":{"line":2,"column":40}}],"line":2},"1":{"loc":{"start":{"line":3,"column":16},"end":{"line":3,"column":86}},"type":"cond-expr","locations":[{"start":{"line":3,"column":36},"end":{"line":3,"column":47}},{"start":{"line":3,"column":50},"end":{"line":3,"column":86}}],"line":3},"2":{"loc":{"start":{"line":5,"column":2},"end":{"line":8,"column":3}},"type":"if","locations":[{"start":{"line":5,"column":2},"end":{"line":8,"column":3}},{"start":{},"end":{}}],"line":5},"3":{"loc":{"start":{"line":10,"column":2},"end":{"line":14,"column":3}},"type":"if","locations":[{"start":{"line":10,"column":2},"end":{"line":14,"column":3}},{"start":{},"end":{}}],"line":10},"4":{"loc":{"start":{"line":12,"column":30},"end":{"line":12,"column":48}},"type":"binary-expr","locations":[{"start":{"line":12,"column":30},"end":{"line":12,"column":42}},{"start":{"line":12,"column":46},"end":{"line":12,"column":48}}],"line":12},"5":{"loc":{"start":{"line":16,"column":2},"end":{"line":21,"column":3}},"type":"if","locations":[{"start":{"line":16,"column":2},"end":{"line":21,"column":3}},{"start":{},"end":{}}],"line":16},"6":{"loc":{"start":{"line":23,"column":2},"end":{"line":25,"column":3}},"type":"if","locations":[{"start":{"line":23,"column":2},"end":{"line":25,"column":3}},{"start":{},"end":{}}],"line":23},"7":{"loc":{"start":{"line":28,"column":12},"end":{"line":28,"column":48}},"type":"cond-expr","locations":[{"start":{"line":28,"column":32},"end":{"line":28,"column":39}},{"start":{"line":28,"column":42},"end":{"line":28,"column":48}}],"line":28}},"s":{"0":1,"1":32,"2":32,"3":32,"4":0,"5":0,"6":32,"7":0,"8":0,"9":0,"10":32,"11":0,"12":0,"13":0,"14":32,"15":0,"16":32,"17":1},"f":{"0":32,"1":0},"b":{"0":[32,32],"1":[0,32],"2":[0,32],"3":[0,32],"4":[0,0],"5":[0,32],"6":[0,32],"7":[32,0]},"_coverageSchema":"1a1c01bbd47fc00a2c39e90264f33305004495a9","hash":"a945ede10a6288ed2794675e8d1200307da330f5"}
,"C:\\Users\\HP\\OneDrive\\Desktop\\EYOUTH-30905060100079-EventPulse\\middleware\\requireAuth.js": {"path":"C:\\Users\\HP\\OneDrive\\Desktop\\EYOUTH-30905060100079-EventPulse\\middleware\\requireAuth.js","statementMap":{"0":{"start":{"line":1,"column":12},"end":{"line":1,"column":35}},"1":{"start":{"line":2,"column":17},"end":{"line":2,"column":48}},"2":{"start":{"line":3,"column":21},"end":{"line":3,"column":56}},"3":{"start":{"line":5,"column":20},"end":{"line":21,"column":2}},"4":{"start":{"line":6,"column":21},"end":{"line":6,"column":46}},"5":{"start":{"line":8,"column":2},"end":{"line":10,"column":3}},"6":{"start":{"line":9,"column":4},"end":{"line":9,"column":70}},"7":{"start":{"line":12,"column":16},"end":{"line":12,"column":40}},"8":{"start":{"line":14,"column":2},"end":{"line":20,"column":3}},"9":{"start":{"line":15,"column":20},"end":{"line":15,"column":61}},"10":{"start":{"line":16,"column":4},"end":{"line":16,"column":54}},"11":{"start":{"line":17,"column":4},"end":{"line":17,"column":18}},"12":{"start":{"line":19,"column":4},"end":{"line":19,"column":78}},"13":{"start":{"line":23,"column":0},"end":{"line":23,"column":29}}},"fnMap":{"0":{"name":"(anonymous_0)","decl":{"start":{"line":5,"column":33},"end":{"line":5,"column":34}},"loc":{"start":{"line":5,"column":59},"end":{"line":21,"column":1}},"line":5}},"branchMap":{"0":{"loc":{"start":{"line":8,"column":2},"end":{"line":10,"column":3}},"type":"if","locations":[{"start":{"line":8,"column":2},"end":{"line":10,"column":3}},{"start":{},"end":{}}],"line":8},"1":{"loc":{"start":{"line":8,"column":6},"end":{"line":8,"column":54}},"type":"binary-expr","locations":[{"start":{"line":8,"column":6},"end":{"line":8,"column":17}},{"start":{"line":8,"column":21},"end":{"line":8,"column":54}}],"line":8}},"s":{"0":1,"1":1,"2":1,"3":1,"4":0,"5":0,"6":0,"7":0,"8":0,"9":0,"10":0,"11":0,"12":0,"13":1},"f":{"0":0},"b":{"0":[0,0],"1":[0,0]},"_coverageSchema":"1a1c01bbd47fc00a2c39e90264f33305004495a9","hash":"93375d6cff995045d6ec804c8d1b2e4990b247e1"}
,"C:\\Users\\HP\\OneDrive\\Desktop\\EYOUTH-30905060100079-EventPulse\\middleware\\requireRole.js": {"path":"C:\\Users\\HP\\OneDrive\\Desktop\\EYOUTH-30905060100079-EventPulse\\middleware\\requireRole.js","statementMap":{"0":{"start":{"line":1,"column":17},"end":{"line":1,"column":48}},"1":{"start":{"line":3,"column":20},"end":{"line":13,"column":1}},"2":{"start":{"line":3,"column":41},"end":{"line":13,"column":1}},"3":{"start":{"line":4,"column":2},"end":{"line":6,"column":3}},"4":{"start":{"line":5,"column":4},"end":{"line":5,"column":62}},"5":{"start":{"line":8,"column":2},"end":{"line":10,"column":3}},"6":{"start":{"line":9,"column":4},"end":{"line":9,"column":88}},"7":{"start":{"line":12,"column":2},"end":{"line":12,"column":16}},"8":{"start":{"line":15,"column":0},"end":{"line":15,"column":29}}},"fnMap":{"0":{"name":"(anonymous_0)","decl":{"start":{"line":3,"column":20},"end":{"line":3,"column":21}},"loc":{"start":{"line":3,"column":41},"end":{"line":13,"column":1}},"line":3},"1":{"name":"(anonymous_1)","decl":{"start":{"line":3,"column":41},"end":{"line":3,"column":42}},"loc":{"start":{"line":3,"column":61},"end":{"line":13,"column":1}},"line":3}},"branchMap":{"0":{"loc":{"start":{"line":4,"column":2},"end":{"line":6,"column":3}},"type":"if","locations":[{"start":{"line":4,"column":2},"end":{"line":6,"column":3}},{"start":{},"end":{}}],"line":4},"1":{"loc":{"start":{"line":4,"column":6},"end":{"line":4,"column":33}},"type":"binary-expr","locations":[{"start":{"line":4,"column":6},"end":{"line":4,"column":15}},{"start":{"line":4,"column":19},"end":{"line":4,"column":33}}],"line":4},"2":{"loc":{"start":{"line":8,"column":2},"end":{"line":10,"column":3}},"type":"if","locations":[{"start":{"line":8,"column":2},"end":{"line":10,"column":3}},{"start":{},"end":{}}],"line":8}},"s":{"0":1,"1":1,"2":5,"3":0,"4":0,"5":0,"6":0,"7":0,"8":1},"f":{"0":5,"1":0},"b":{"0":[0,0],"1":[0,0],"2":[0,0]},"_coverageSchema":"1a1c01bbd47fc00a2c39e90264f33305004495a9","hash":"1295085d4d63bc96da087c570a2c089209101e31"}
,"C:\\Users\\HP\\OneDrive\\Desktop\\EYOUTH-30905060100079-EventPulse\\middleware\\validator.js": {"path":"C:\\Users\\HP\\OneDrive\\Desktop\\EYOUTH-30905060100079-EventPulse\\middleware\\validator.js","statementMap":{"0":{"start":{"line":1,"column":29},"end":{"line":1,"column":57}},"1":{"start":{"line":3,"column":18},"end":{"line":18,"column":1}},"2":{"start":{"line":4,"column":17},"end":{"line":4,"column":38}},"3":{"start":{"line":6,"column":2},"end":{"line":15,"column":3}},"4":{"start":{"line":7,"column":4},"end":{"line":14,"column":7}},"5":{"start":{"line":10,"column":41},"end":{"line":13,"column":7}},"6":{"start":{"line":17,"column":2},"end":{"line":17,"column":16}},"7":{"start":{"line":20,"column":0},"end":{"line":20,"column":27}}},"fnMap":{"0":{"name":"(anonymous_0)","decl":{"start":{"line":3,"column":18},"end":{"line":3,"column":19}},"loc":{"start":{"line":3,"column":38},"end":{"line":18,"column":1}},"line":3},"1":{"name":"(anonymous_1)","decl":{"start":{"line":10,"column":33},"end":{"line":10,"column":34}},"loc":{"start":{"line":10,"column":41},"end":{"line":13,"column":7}},"line":10}},"branchMap":{"0":{"loc":{"start":{"line":6,"column":2},"end":{"line":15,"column":3}},"type":"if","locations":[{"start":{"line":6,"column":2},"end":{"line":15,"column":3}},{"start":{},"end":{}}],"line":6}},"s":{"0":1,"1":1,"2":0,"3":0,"4":0,"5":0,"6":0,"7":1},"f":{"0":0,"1":0},"b":{"0":[0,0]},"_coverageSchema":"1a1c01bbd47fc00a2c39e90264f33305004495a9","hash":"4f5a4c4bc24fcb9b1a1c55f59f9f81eabe85eca0"}
,"C:\\Users\\HP\\OneDrive\\Desktop\\EYOUTH-30905060100079-EventPulse\\models\\categoryModel.js": {"path":"C:\\Users\\HP\\OneDrive\\Desktop\\EYOUTH-30905060100079-EventPulse\\models\\categoryModel.js","statementMap":{"0":{"start":{"line":1,"column":17},"end":{"line":1,"column":36}},"1":{"start":{"line":3,"column":23},"end":{"line":18,"column":1}},"2":{"start":{"line":20,"column":0},"end":{"line":20,"column":60}}},"fnMap":{},"branchMap":{},"s":{"0":1,"1":1,"2":1},"f":{},"b":{},"_coverageSchema":"1a1c01bbd47fc00a2c39e90264f33305004495a9","hash":"95a193e42580166c5b6cb876ca42288a2535b09d"}
,"C:\\Users\\HP\\OneDrive\\Desktop\\EYOUTH-30905060100079-EventPulse\\models\\eventModel.js": {"path":"C:\\Users\\HP\\OneDrive\\Desktop\\EYOUTH-30905060100079-EventPulse\\models\\eventModel.js","statementMap":{"0":{"start":{"line":1,"column":17},"end":{"line":1,"column":36}},"1":{"start":{"line":3,"column":20},"end":{"line":45,"column":1}},"2":{"start":{"line":47,"column":0},"end":{"line":47,"column":57}},"3":{"start":{"line":49,"column":0},"end":{"line":49,"column":54}}},"fnMap":{},"branchMap":{},"s":{"0":1,"1":1,"2":1,"3":1},"f":{},"b":{},"_coverageSchema":"1a1c01bbd47fc00a2c39e90264f33305004495a9","hash":"4a50cbc375122aa1b103bc85753017623e83cc2e"}
,"C:\\Users\\HP\\OneDrive\\Desktop\\EYOUTH-30905060100079-EventPulse\\models\\messageModel.js": {"path":"C:\\Users\\HP\\OneDrive\\Desktop\\EYOUTH-30905060100079-EventPulse\\models\\messageModel.js","statementMap":{"0":{"start":{"line":1,"column":17},"end":{"line":1,"column":36}},"1":{"start":{"line":3,"column":22},"end":{"line":22,"column":1}},"2":{"start":{"line":24,"column":0},"end":{"line":24,"column":48}},"3":{"start":{"line":26,"column":0},"end":{"line":26,"column":58}}},"fnMap":{},"branchMap":{},"s":{"0":1,"1":1,"2":1,"3":1},"f":{},"b":{},"_coverageSchema":"1a1c01bbd47fc00a2c39e90264f33305004495a9","hash":"b635dfeb1e3e901314beb8f7c9d325e6b70f7c2e"}
,"C:\\Users\\HP\\OneDrive\\Desktop\\EYOUTH-30905060100079-EventPulse\\models\\registrationModel.js": {"path":"C:\\Users\\HP\\OneDrive\\Desktop\\EYOUTH-30905060100079-EventPulse\\models\\registrationModel.js","statementMap":{"0":{"start":{"line":1,"column":17},"end":{"line":1,"column":36}},"1":{"start":{"line":3,"column":27},"end":{"line":17,"column":1}},"2":{"start":{"line":19,"column":0},"end":{"line":19,"column":66}},"3":{"start":{"line":21,"column":0},"end":{"line":21,"column":68}}},"fnMap":{},"branchMap":{},"s":{"0":1,"1":1,"2":1,"3":1},"f":{},"b":{},"_coverageSchema":"1a1c01bbd47fc00a2c39e90264f33305004495a9","hash":"b9c31e087b99dbee595fe7a10a5615d0cf7b47a3"}
,"C:\\Users\\HP\\OneDrive\\Desktop\\EYOUTH-30905060100079-EventPulse\\models\\userModel.js": {"path":"C:\\Users\\HP\\OneDrive\\Desktop\\EYOUTH-30905060100079-EventPulse\\models\\userModel.js","statementMap":{"0":{"start":{"line":1,"column":17},"end":{"line":1,"column":36}},"1":{"start":{"line":2,"column":15},"end":{"line":2,"column":32}},"2":{"start":{"line":4,"column":19},"end":{"line":32,"column":1}},"3":{"start":{"line":34,"column":0},"end":{"line":39,"column":3}},"4":{"start":{"line":35,"column":2},"end":{"line":35,"column":50}},"5":{"start":{"line":35,"column":36},"end":{"line":35,"column":50}},"6":{"start":{"line":36,"column":15},"end":{"line":36,"column":39}},"7":{"start":{"line":37,"column":2},"end":{"line":37,"column":57}},"8":{"start":{"line":38,"column":2},"end":{"line":38,"column":9}},"9":{"start":{"line":41,"column":0},"end":{"line":43,"column":2}},"10":{"start":{"line":42,"column":2},"end":{"line":42,"column":50}},"11":{"start":{"line":45,"column":0},"end":{"line":45,"column":52}}},"fnMap":{"0":{"name":"hashPassword","decl":{"start":{"line":34,"column":38},"end":{"line":34,"column":50}},"loc":{"start":{"line":34,"column":57},"end":{"line":39,"column":1}},"line":34},"1":{"name":"comparePassword","decl":{"start":{"line":41,"column":52},"end":{"line":41,"column":67}},"loc":{"start":{"line":41,"column":79},"end":{"line":43,"column":1}},"line":41}},"branchMap":{"0":{"loc":{"start":{"line":35,"column":2},"end":{"line":35,"column":50}},"type":"if","locations":[{"start":{"line":35,"column":2},"end":{"line":35,"column":50}},{"start":{},"end":{}}],"line":35}},"s":{"0":1,"1":1,"2":1,"3":1,"4":0,"5":0,"6":0,"7":0,"8":0,"9":1,"10":0,"11":1},"f":{"0":0,"1":0},"b":{"0":[0,0]},"_coverageSchema":"1a1c01bbd47fc00a2c39e90264f33305004495a9","hash":"fcd88946c69196a0007274ce96ef5d8f35eb37d5"}
,"C:\\Users\\HP\\OneDrive\\Desktop\\EYOUTH-30905060100079-EventPulse\\routes\\announcementRoutes.js": {"path":"C:\\Users\\HP\\OneDrive\\Desktop\\EYOUTH-30905060100079-EventPulse\\routes\\announcementRoutes.js","statementMap":{"0":{"start":{"line":1,"column":16},"end":{"line":1,"column":34}},"1":{"start":{"line":2,"column":17},"end":{"line":2,"column":45}},"2":{"start":{"line":3,"column":31},"end":{"line":3,"column":82}},"3":{"start":{"line":4,"column":20},"end":{"line":4,"column":59}},"4":{"start":{"line":5,"column":20},"end":{"line":5,"column":59}},"5":{"start":{"line":6,"column":18},"end":{"line":6,"column":55}},"6":{"start":{"line":8,"column":15},"end":{"line":8,"column":31}},"7":{"start":{"line":10,"column":0},"end":{"line":17,"column":2}},"8":{"start":{"line":19,"column":0},"end":{"line":19,"column":65}},"9":{"start":{"line":21,"column":0},"end":{"line":21,"column":24}}},"fnMap":{},"branchMap":{},"s":{"0":1,"1":1,"2":1,"3":1,"4":1,"5":1,"6":1,"7":1,"8":1,"9":1},"f":{},"b":{},"_coverageSchema":"1a1c01bbd47fc00a2c39e90264f33305004495a9","hash":"6df85bd4635eecb23fb55aa4d76eee384192b2f1"}
,"C:\\Users\\HP\\OneDrive\\Desktop\\EYOUTH-30905060100079-EventPulse\\routes\\categoryRoutes.js": {"path":"C:\\Users\\HP\\OneDrive\\Desktop\\EYOUTH-30905060100079-EventPulse\\routes\\categoryRoutes.js","statementMap":{"0":{"start":{"line":1,"column":16},"end":{"line":1,"column":34}},"1":{"start":{"line":2,"column":17},"end":{"line":2,"column":45}},"2":{"start":{"line":3,"column":27},"end":{"line":3,"column":74}},"3":{"start":{"line":4,"column":20},"end":{"line":4,"column":59}},"4":{"start":{"line":5,"column":20},"end":{"line":5,"column":59}},"5":{"start":{"line":6,"column":18},"end":{"line":6,"column":55}},"6":{"start":{"line":8,"column":15},"end":{"line":8,"column":31}},"7":{"start":{"line":10,"column":0},"end":{"line":19,"column":4}},"8":{"start":{"line":21,"column":0},"end":{"line":21,"column":57}},"9":{"start":{"line":23,"column":0},"end":{"line":23,"column":24}}},"fnMap":{},"branchMap":{},"s":{"0":1,"1":1,"2":1,"3":1,"4":1,"5":1,"6":1,"7":1,"8":1,"9":1},"f":{},"b":{},"_coverageSchema":"1a1c01bbd47fc00a2c39e90264f33305004495a9","hash":"dce50bd854a0ef5cbedf15786ece6cc24d824681"}
,"C:\\Users\\HP\\OneDrive\\Desktop\\EYOUTH-30905060100079-EventPulse\\routes\\eventRoutes.js": {"path":"C:\\Users\\HP\\OneDrive\\Desktop\\EYOUTH-30905060100079-EventPulse\\routes\\eventRoutes.js","statementMap":{"0":{"start":{"line":1,"column":16},"end":{"line":1,"column":34}},"1":{"start":{"line":2,"column":24},"end":{"line":2,"column":52}},"2":{"start":{"line":3,"column":24},"end":{"line":3,"column":68}},"3":{"start":{"line":4,"column":20},"end":{"line":4,"column":59}},"4":{"start":{"line":5,"column":20},"end":{"line":5,"column":59}},"5":{"start":{"line":6,"column":18},"end":{"line":6,"column":55}},"6":{"start":{"line":8,"column":15},"end":{"line":8,"column":31}},"7":{"start":{"line":10,"column":29},"end":{"line":18,"column":1}},"8":{"start":{"line":20,"column":35},"end":{"line":40,"column":1}},"9":{"start":{"line":42,"column":0},"end":{"line":51,"column":4}},"10":{"start":{"line":53,"column":0},"end":{"line":63,"column":74}},"11":{"start":{"line":65,"column":0},"end":{"line":65,"column":24}}},"fnMap":{},"branchMap":{},"s":{"0":1,"1":1,"2":1,"3":1,"4":1,"5":1,"6":1,"7":1,"8":1,"9":1,"10":1,"11":1},"f":{},"b":{},"_coverageSchema":"1a1c01bbd47fc00a2c39e90264f33305004495a9","hash":"f51bd9d4d2e30affd4c5184837a2195e7cd1ef9f"}
,"C:\\Users\\HP\\OneDrive\\Desktop\\EYOUTH-30905060100079-EventPulse\\routes\\messageRoutes.js": {"path":"C:\\Users\\HP\\OneDrive\\Desktop\\EYOUTH-30905060100079-EventPulse\\routes\\messageRoutes.js","statementMap":{"0":{"start":{"line":1,"column":16},"end":{"line":1,"column":34}},"1":{"start":{"line":2,"column":26},"end":{"line":2,"column":72}},"2":{"start":{"line":3,"column":20},"end":{"line":3,"column":59}},"3":{"start":{"line":5,"column":15},"end":{"line":5,"column":31}},"4":{"start":{"line":7,"column":0},"end":{"line":11,"column":2}},"5":{"start":{"line":13,"column":0},"end":{"line":13,"column":24}}},"fnMap":{},"branchMap":{},"s":{"0":1,"1":1,"2":1,"3":1,"4":1,"5":1},"f":{},"b":{},"_coverageSchema":"1a1c01bbd47fc00a2c39e90264f33305004495a9","hash":"d20e39f11f5baec2971b234cc0eff0b89d89956b"}
,"C:\\Users\\HP\\OneDrive\\Desktop\\EYOUTH-30905060100079-EventPulse\\routes\\registrationRoutes.js": {"path":"C:\\Users\\HP\\OneDrive\\Desktop\\EYOUTH-30905060100079-EventPulse\\routes\\registrationRoutes.js","statementMap":{"0":{"start":{"line":1,"column":16},"end":{"line":1,"column":34}},"1":{"start":{"line":2,"column":17},"end":{"line":2,"column":45}},"2":{"start":{"line":3,"column":31},"end":{"line":3,"column":82}},"3":{"start":{"line":4,"column":20},"end":{"line":4,"column":59}},"4":{"start":{"line":5,"column":18},"end":{"line":5,"column":55}},"5":{"start":{"line":7,"column":15},"end":{"line":7,"column":31}},"6":{"start":{"line":9,"column":0},"end":{"line":9,"column":24}},"7":{"start":{"line":11,"column":0},"end":{"line":16,"column":2}},"8":{"start":{"line":18,"column":0},"end":{"line":18,"column":61}},"9":{"start":{"line":20,"column":0},"end":{"line":20,"column":65}},"10":{"start":{"line":22,"column":0},"end":{"line":22,"column":24}}},"fnMap":{},"branchMap":{},"s":{"0":1,"1":1,"2":1,"3":1,"4":1,"5":1,"6":1,"7":1,"8":1,"9":1,"10":1},"f":{},"b":{},"_coverageSchema":"1a1c01bbd47fc00a2c39e90264f33305004495a9","hash":"6216afea09d2de0573c7827515c00461fe52775e"}
,"C:\\Users\\HP\\OneDrive\\Desktop\\EYOUTH-30905060100079-EventPulse\\routes\\userRoutes.js": {"path":"C:\\Users\\HP\\OneDrive\\Desktop\\EYOUTH-30905060100079-EventPulse\\routes\\userRoutes.js","statementMap":{"0":{"start":{"line":1,"column":16},"end":{"line":1,"column":34}},"1":{"start":{"line":2,"column":17},"end":{"line":2,"column":45}},"2":{"start":{"line":3,"column":23},"end":{"line":3,"column":66}},"3":{"start":{"line":4,"column":18},"end":{"line":4,"column":55}},"4":{"start":{"line":6,"column":15},"end":{"line":6,"column":31}},"5":{"start":{"line":8,"column":0},"end":{"line":19,"column":2}},"6":{"start":{"line":21,"column":0},"end":{"line":29,"column":2}},"7":{"start":{"line":31,"column":0},"end":{"line":31,"column":24}}},"fnMap":{},"branchMap":{},"s":{"0":1,"1":1,"2":1,"3":1,"4":1,"5":1,"6":1,"7":1},"f":{},"b":{},"_coverageSchema":"1a1c01bbd47fc00a2c39e90264f33305004495a9","hash":"4202b5125746581867707ba4c31efc3f5286ca3c"}
,"C:\\Users\\HP\\OneDrive\\Desktop\\EYOUTH-30905060100079-EventPulse\\tests\\setup.js": {"path":"C:\\Users\\HP\\OneDrive\\Desktop\\EYOUTH-30905060100079-EventPulse\\tests\\setup.js","statementMap":{"0":{"start":{"line":1,"column":30},"end":{"line":1,"column":62}},"1":{"start":{"line":2,"column":17},"end":{"line":2,"column":36}},"2":{"start":{"line":6,"column":16},"end":{"line":12,"column":1}},"3":{"start":{"line":7,"column":2},"end":{"line":7,"column":49}},"4":{"start":{"line":8,"column":14},"end":{"line":8,"column":34}},"5":{"start":{"line":9,"column":2},"end":{"line":9,"column":30}},"6":{"start":{"line":10,"column":2},"end":{"line":10,"column":67}},"7":{"start":{"line":11,"column":2},"end":{"line":11,"column":30}},"8":{"start":{"line":14,"column":22},"end":{"line":18,"column":1}},"9":{"start":{"line":15,"column":2},"end":{"line":15,"column":43}},"10":{"start":{"line":16,"column":2},"end":{"line":16,"column":36}},"11":{"start":{"line":17,"column":2},"end":{"line":17,"column":44}},"12":{"start":{"line":17,"column":19},"end":{"line":17,"column":44}},"13":{"start":{"line":20,"column":22},"end":{"line":25,"column":1}},"14":{"start":{"line":21,"column":22},"end":{"line":21,"column":53}},"15":{"start":{"line":22,"column":2},"end":{"line":24,"column":3}},"16":{"start":{"line":23,"column":4},"end":{"line":23,"column":42}},"17":{"start":{"line":27,"column":0},"end":{"line":27,"column":59}}},"fnMap":{"0":{"name":"(anonymous_0)","decl":{"start":{"line":6,"column":16},"end":{"line":6,"column":17}},"loc":{"start":{"line":6,"column":28},"end":{"line":12,"column":1}},"line":6},"1":{"name":"(anonymous_1)","decl":{"start":{"line":14,"column":22},"end":{"line":14,"column":23}},"loc":{"start":{"line":14,"column":34},"end":{"line":18,"column":1}},"line":14},"2":{"name":"(anonymous_2)","decl":{"start":{"line":20,"column":22},"end":{"line":20,"column":23}},"loc":{"start":{"line":20,"column":34},"end":{"line":25,"column":1}},"line":20}},"branchMap":{"0":{"loc":{"start":{"line":10,"column":27},"end":{"line":10,"column":66}},"type":"binary-expr","locations":[{"start":{"line":10,"column":27},"end":{"line":10,"column":49}},{"start":{"line":10,"column":53},"end":{"line":10,"column":66}}],"line":10},"1":{"loc":{"start":{"line":17,"column":2},"end":{"line":17,"column":44}},"type":"if","locations":[{"start":{"line":17,"column":2},"end":{"line":17,"column":44}},{"start":{},"end":{}}],"line":17}},"s":{"0":1,"1":1,"2":1,"3":1,"4":1,"5":1,"6":1,"7":1,"8":1,"9":1,"10":1,"11":1,"12":1,"13":1,"14":9,"15":9,"16":45,"17":1},"f":{"0":1,"1":1,"2":9},"b":{"0":[1,1],"1":[1,0]},"_coverageSchema":"1a1c01bbd47fc00a2c39e90264f33305004495a9","hash":"9ca6a85d5143ea243cbb118c4fe08384ad64f99e"}
,"C:\\Users\\HP\\OneDrive\\Desktop\\EYOUTH-30905060100079-EventPulse\\utils\\appError.js": {"path":"C:\\Users\\HP\\OneDrive\\Desktop\\EYOUTH-30905060100079-EventPulse\\utils\\appError.js","statementMap":{"0":{"start":{"line":3,"column":4},"end":{"line":3,"column":18}},"1":{"start":{"line":5,"column":4},"end":{"line":5,"column":39}},"2":{"start":{"line":6,"column":4},"end":{"line":6,"column":73}},"3":{"start":{"line":7,"column":4},"end":{"line":7,"column":29}},"4":{"start":{"line":9,"column":4},"end":{"line":9,"column":51}},"5":{"start":{"line":13,"column":0},"end":{"line":13,"column":25}}},"fnMap":{"0":{"name":"(anonymous_0)","decl":{"start":{"line":2,"column":2},"end":{"line":2,"column":3}},"loc":{"start":{"line":2,"column":35},"end":{"line":10,"column":3}},"line":2}},"branchMap":{"0":{"loc":{"start":{"line":5,"column":22},"end":{"line":5,"column":39}},"type":"binary-expr","locations":[{"start":{"line":5,"column":22},"end":{"line":5,"column":32}},{"start":{"line":5,"column":36},"end":{"line":5,"column":39}}],"line":5},"1":{"loc":{"start":{"line":6,"column":18},"end":{"line":6,"column":73}},"type":"cond-expr","locations":[{"start":{"line":6,"column":57},"end":{"line":6,"column":63}},{"start":{"line":6,"column":66},"end":{"line":6,"column":73}}],"line":6}},"s":{"0":4,"1":4,"2":4,"3":4,"4":4,"5":2},"f":{"0":4},"b":{"0":[4,1],"1":[2,2]},"_coverageSchema":"1a1c01bbd47fc00a2c39e90264f33305004495a9","hash":"a5d5b9e97cf5e2559e4a9a7d78693ba38e845a41"}
,"C:\\Users\\HP\\OneDrive\\Desktop\\EYOUTH-30905060100079-EventPulse\\utils\\asyncHandler.js": {"path":"C:\\Users\\HP\\OneDrive\\Desktop\\EYOUTH-30905060100079-EventPulse\\utils\\asyncHandler.js","statementMap":{"0":{"start":{"line":1,"column":21},"end":{"line":3,"column":1}},"1":{"start":{"line":1,"column":29},"end":{"line":3,"column":1}},"2":{"start":{"line":2,"column":2},"end":{"line":2,"column":49}},"3":{"start":{"line":5,"column":0},"end":{"line":5,"column":29}}},"fnMap":{"0":{"name":"(anonymous_0)","decl":{"start":{"line":1,"column":21},"end":{"line":1,"column":22}},"loc":{"start":{"line":1,"column":29},"end":{"line":3,"column":1}},"line":1},"1":{"name":"(anonymous_1)","decl":{"start":{"line":1,"column":29},"end":{"line":1,"column":30}},"loc":{"start":{"line":1,"column":49},"end":{"line":3,"column":1}},"line":1}},"branchMap":{},"s":{"0":2,"1":19,"2":2,"3":2},"f":{"0":19,"1":2},"b":{},"_coverageSchema":"1a1c01bbd47fc00a2c39e90264f33305004495a9","hash":"ab2c31efd825b1d66e9a63f547f4bca1a99b9bee"}
}
